<?xml version="1.0" encoding="UTF-8"?>
<!-- Generated by org.testng.reporters.JUnitXMLReporter -->
<testsuite ignored="1" hostname="LAPTOP-JF3D1Q9Q" failures="0" tests="6" name="Default test" time="0.052" errors="0" timestamp="2022-06-08T15:42:42 IST">
  <testcase classname="test1.Learnings" name="bat" time="0.007"/>
  <testcase classname="test1.Learnings" name="infosys" time="0.001"/>
  <testcase classname="test1.Learnings" name="wipro" time="0.0"/>
  <testcase classname="test1.Learnings" name="zee" time="0.001"/>
  <testcase classname="test1.Learnings" name="cat" time="0.0"/>
  <testcase classname="test1.Learnings" name="apple" time="0.001"/>
  <testcase classname="test1.Learnings" name="skipMethod" time="0.0">
    <ignored/>
  </testcase> <!-- skipMethod -->
</testsuite> <!-- Default test -->
