<?xml version="1.0" encoding="UTF-8"?>
<!-- Generated by org.testng.reporters.JUnitXMLReporter -->
<testsuite ignored="2" hostname="LAPTOP-JF3D1Q9Q" failures="0" tests="1" name="Software Company" time="0.042" errors="0" timestamp="2022-06-08T15:47:46 IST">
  <testcase classname="test1.Learnings2" name="Ant" time="0.007"/>
  <testcase classname="test1.Learnings2" name="Cap" time="0.0">
    <ignored/>
  </testcase> <!-- Cap -->
  <testcase classname="test1.Learnings2" name="Ball" time="0.0">
    <ignored/>
  </testcase> <!-- Ball -->
</testsuite> <!-- Software Company -->
