<?xml version="1.0" encoding="UTF-8"?>
<!-- Generated by org.testng.reporters.JUnitXMLReporter -->
<testsuite ignored="0" hostname="LAPTOP-JF3D1Q9Q" failures="0" tests="6" name="Test" time="0.038" errors="0" timestamp="2022-04-03T20:12:06 IST">
  <testcase classname="test1.Learnings2" name="Ant" time="0.003"/>
  <testcase classname="test1.Learnings2" name="Ball" time="0.0"/>
  <testcase classname="test1.Learnings2" name="Cap" time="0.001"/>
  <testcase classname="test1.Learnings" name="apple" time="0.0"/>
  <testcase classname="test1.Learnings" name="bat" time="0.001"/>
  <testcase classname="test1.Learnings" name="cat" time="0.001"/>
</testsuite> <!-- Test -->
