<?xml version="1.0" encoding="UTF-8"?>
<testng-results ignored="2" total="3" passed="1" failed="0" skipped="0">
  <reporter-output>
  </reporter-output>
  <suite started-at="2022-06-08T15:47:46 IST" name="Suite" finished-at="2022-06-08T15:47:46 IST" duration-ms="42">
    <groups>
      <group name="only">
        <method signature="Learnings2.Ant()[pri:0, instance:test1.Learnings2@49dc7102]" name="Ant" class="test1.Learnings2"/>
      </group> <!-- only -->
    </groups>
    <test started-at="2022-06-08T15:47:46 IST" name="Software Company" finished-at="2022-06-08T15:47:46 IST" duration-ms="42">
      <class name="test1.Learnings2">
        <test-method signature="Ant()[pri:0, instance:test1.Learnings2@49dc7102]" started-at="2022-06-08T15:47:46 IST" name="Ant" finished-at="2022-06-08T15:47:46 IST" duration-ms="7" status="PASS">
          <reporter-output>
          </reporter-output>
        </test-method> <!-- Ant -->
      </class> <!-- test1.Learnings2 -->
    </test> <!-- Software Company -->
  </suite> <!-- Suite -->
</testng-results>
